#
# A fatal error has been detected by the Java Runtime Environment:
#
#  SIGSEGV (0xb) at pc=0x000000010b7e2be3, pid=774, tid=6915
#
# JRE version: Java(TM) SE Runtime Environment (8.0_91-b14) (build 1.8.0_91-b14)
# Java VM: Java HotSpot(TM) 64-Bit Server VM (25.91-b14 mixed mode bsd-amd64 compressed oops)
# Problematic frame:
# V  [libjvm.dylib+0x578be3]  Unsafe_SetNativeInt+0x4b
#
# Failed to write core dump. Core dumps have been disabled. To enable core dumping, try "ulimit -c unlimited" before starting Java again
#
# If you would like to submit a bug report, please visit:
#   http://bugreport.java.com/bugreport/crash.jsp
#

---------------  T H R E A D  ---------------

Current thread (0x00007fbeba804800):  JavaThread "main" [_thread_in_vm, id=6915, stack(0x000070000d8fe000,0x000070000d9fe000)]

siginfo: si_signo: 11 (SIGSEGV), si_code: 1 (SEGV_MAPERR), si_addr: 0x00000000000003e8

Registers:
RAX=0x00007fbeba804800, RBX=0x0000000000000000, RCX=0x000000010ba82340, RDX=0x00000000000003e8
RSP=0x000070000d9fbf40, RBP=0x000070000d9fbf70, RSI=0x0000000000000006, RDI=0x0000000000000103
R8 =0x000000010fe31eeb, R9 =0x00000000ffffffe8, R10=0x000000010fde89a8, R11=0x000000010b748357
R12=0x000070000d9fbf48, R13=0x000000010ec394d8, R14=0x00000000000003e8, R15=0x00007fbeba804800
RIP=0x000000010b7e2be3, EFLAGS=0x0000000000010246, ERR=0x0000000000000006
  TRAPNO=0x000000000000000e

Top of Stack: (sp=0x000070000d9fbf40)
0x000070000d9fbf40:   00007fbeba804800 00007fbeba804800
0x000070000d9fbf50:   000000010ec394d8 0000000000000000
0x000070000d9fbf60:   000070000d9fc018 00007fbeba804800
0x000070000d9fbf70:   000070000d9fbfe0 000000010fde89d4
0x000070000d9fbf80:   000070000d9fbfe0 000000010fde8759
0x000070000d9fbf90:   000000010fdf4203 000000010fde8722
0x000070000d9fbfa0:   000070000d9fbfa0 000000010ec394d8
0x000070000d9fbfb0:   000070000d9fc018 000000010ec66fc8
0x000070000d9fbfc0:   0000000000000000 000000010ec394d8
0x000070000d9fbfd0:   0000000000000000 000070000d9fc000
0x000070000d9fbfe0:   000070000d9fc060 000000010fdd92bd
0x000070000d9fbff0:   0000000000000000 000000010fde2538
0x000070000d9fc000:   0000000000000000 00000000000003e8
0x000070000d9fc010:   00000000000186a0 000000076ab089b8
0x000070000d9fc020:   000070000d9fc020 000000010efe66c9
0x000070000d9fc030:   000070000d9fc0b8 000000010f001df0
0x000070000d9fc040:   0000000000000000 000000010efe6790
0x000070000d9fc050:   000070000d9fc000 000070000d9fc0b8
0x000070000d9fc060:   000070000d9fc120 000000010fdd17a7
0x000070000d9fc070:   0000000000000000 0000000000000000
0x000070000d9fc080:   0000000000000000 0000000000000000
0x000070000d9fc090:   0000015eb8bbbfa7 0000000000000000
0x000070000d9fc0a0:   00007fbebd012600 0000000000000000
0x000070000d9fc0b0:   000000076ab089b8 000000076b0fd2e0
0x000070000d9fc0c0:   0000000100001fa0 000000000000000a
0x000070000d9fc0d0:   00007fbeba804800 0000000000000001
0x000070000d9fc0e0:   000000010fdd171f 000000010efe6790
0x000070000d9fc0f0:   000070000d9fc1b8 000070000d9fc510
0x000070000d9fc100:   000000010000000a 000000010efe6790
0x000070000d9fc110:   000000010fde3c80 000070000d9fc520
0x000070000d9fc120:   000070000d9fc2d0 000000010b5561e6
0x000070000d9fc130:   00007fbe00000001 00007fbeba804800 

Instructions: (pc=0x000000010b7e2be3)
0x000000010b7e2bc3:   00 e8 97 10 bf ff 4c 89 7d d0 48 8d 05 5c 34 2b
0x000000010b7e2bd3:   00 48 63 38 e8 82 a5 04 00 c6 80 94 02 00 00 01
0x000000010b7e2be3:   41 89 1e c6 80 94 02 00 00 00 48 8d 7d d0 e8 02
0x000000010b7e2bf3:   b9 da ff ba 04 00 00 00 4c 89 e7 be 06 00 00 00 

Register to memory mapping:

RAX=0x00007fbeba804800 is a thread
RBX=0x0000000000000000 is an unknown value
RCX=0x000000010ba82340: UseMembar+0 in /Library/Java/JavaVirtualMachines/jdk1.8.0_91.jdk/Contents/Home/jre/lib/server/libjvm.dylib at 0x000000010b26a000
RDX=0x00000000000003e8 is an unknown value
RSP=0x000070000d9fbf40 is pointing into the stack for thread: 0x00007fbeba804800
RBP=0x000070000d9fbf70 is pointing into the stack for thread: 0x00007fbeba804800
RSI=0x0000000000000006 is an unknown value
RDI=0x0000000000000103 is an unknown value
R8 =0x000000010fe31eeb is at code_begin+11 in 
[CodeBlob (0x000000010fe31e90)]
Framesize: 0
BufferBlob (0x000000010fe31e90) used for Signature Handler Temp Buffer
R9 =0x00000000ffffffe8 is an unknown value
R10=0x000000010fde89a8 is at code_begin+808 in an Interpreter codelet
method entry point (kind = native)  [0x000000010fde8680, 0x000000010fde8f80]  2304 bytes
R11=0x000000010b748357: throw_unsatisfied_link_error+0 in /Library/Java/JavaVirtualMachines/jdk1.8.0_91.jdk/Contents/Home/jre/lib/server/libjvm.dylib at 0x000000010b26a000
R12=0x000070000d9fbf48 is pointing into the stack for thread: 0x00007fbeba804800
R13={method} {0x000000010ec394d8} 'putInt' '(JI)V' in 'sun/misc/Unsafe'
R14=0x00000000000003e8 is an unknown value
R15=0x00007fbeba804800 is a thread


Stack: [0x000070000d8fe000,0x000070000d9fe000],  sp=0x000070000d9fbf40,  free space=1015k
Native frames: (J=compiled Java code, j=interpreted, Vv=VM code, C=native code)
V  [libjvm.dylib+0x578be3]  Unsafe_SetNativeInt+0x4b
j  sun.misc.Unsafe.putInt(JI)V+0
j  com.furture.tson.UNSafeTest.testUnsafeTest()V+33
v  ~StubRoutines::call_stub
V  [libjvm.dylib+0x2ec1e6]  JavaCalls::call_helper(JavaValue*, methodHandle*, JavaCallArguments*, Thread*)+0x6ae
V  [libjvm.dylib+0x4ccdb4]  Reflection::invoke(instanceKlassHandle, methodHandle, Handle, bool, objArrayHandle, BasicType, objArrayHandle, bool, Thread*)+0xe12
V  [libjvm.dylib+0x4cd2e8]  Reflection::invoke_method(oopDesc*, Handle, objArrayHandle, Thread*)+0x16c
V  [libjvm.dylib+0x3445c8]  JVM_InvokeMethod+0x166
j  sun.reflect.NativeMethodAccessorImpl.invoke0(Ljava/lang/reflect/Method;Ljava/lang/Object;[Ljava/lang/Object;)Ljava/lang/Object;+0
j  sun.reflect.NativeMethodAccessorImpl.invoke(Ljava/lang/Object;[Ljava/lang/Object;)Ljava/lang/Object;+100
j  sun.reflect.DelegatingMethodAccessorImpl.invoke(Ljava/lang/Object;[Ljava/lang/Object;)Ljava/lang/Object;+6
j  java.lang.reflect.Method.invoke(Ljava/lang/Object;[Ljava/lang/Object;)Ljava/lang/Object;+56
j  junit.framework.TestCase.runTest()V+107
j  junit.framework.TestCase.runBare()V+7
j  junit.framework.TestResult$1.protect()V+4
j  junit.framework.TestResult.runProtected(Ljunit/framework/Test;Ljunit/framework/Protectable;)V+1
j  junit.framework.TestResult.run(Ljunit/framework/TestCase;)V+18
j  junit.framework.TestCase.run(Ljunit/framework/TestResult;)V+2
j  junit.framework.TestSuite.runTest(Ljunit/framework/Test;Ljunit/framework/TestResult;)V+2
j  junit.framework.TestSuite.run(Ljunit/framework/TestResult;)V+40
j  org.junit.internal.runners.JUnit38ClassRunner.run(Lorg/junit/runner/notification/RunNotifier;)V+22
j  org.junit.runner.JUnitCore.run(Lorg/junit/runner/Runner;)Lorg/junit/runner/Result;+37
j  com.intellij.junit4.JUnit4IdeaTestRunner.startRunnerWithArgs([Ljava/lang/String;Ljava/util/ArrayList;Ljava/lang/String;Z)Lorg/junit/runner/Result;+158
j  com.intellij.junit4.JUnit4IdeaTestRunner.startRunnerWithArgs([Ljava/lang/String;Ljava/util/ArrayList;Ljava/lang/String;IZ)I+12
j  com.intellij.rt.execution.junit.JUnitStarter.prepareStreamsAndStart([Ljava/lang/String;ZLjava/util/ArrayList;Ljava/lang/String;)I+288
j  com.intellij.rt.execution.junit.JUnitStarter.main([Ljava/lang/String;)V+106
v  ~StubRoutines::call_stub
V  [libjvm.dylib+0x2ec1e6]  JavaCalls::call_helper(JavaValue*, methodHandle*, JavaCallArguments*, Thread*)+0x6ae
V  [libjvm.dylib+0x4ccdb4]  Reflection::invoke(instanceKlassHandle, methodHandle, Handle, bool, objArrayHandle, BasicType, objArrayHandle, bool, Thread*)+0xe12
V  [libjvm.dylib+0x4cd2e8]  Reflection::invoke_method(oopDesc*, Handle, objArrayHandle, Thread*)+0x16c
V  [libjvm.dylib+0x3445c8]  JVM_InvokeMethod+0x166
j  sun.reflect.NativeMethodAccessorImpl.invoke0(Ljava/lang/reflect/Method;Ljava/lang/Object;[Ljava/lang/Object;)Ljava/lang/Object;+0
j  sun.reflect.NativeMethodAccessorImpl.invoke(Ljava/lang/Object;[Ljava/lang/Object;)Ljava/lang/Object;+100
j  sun.reflect.DelegatingMethodAccessorImpl.invoke(Ljava/lang/Object;[Ljava/lang/Object;)Ljava/lang/Object;+6
j  java.lang.reflect.Method.invoke(Ljava/lang/Object;[Ljava/lang/Object;)Ljava/lang/Object;+56
j  com.intellij.rt.execution.application.AppMain.main([Ljava/lang/String;)V+180
v  ~StubRoutines::call_stub
V  [libjvm.dylib+0x2ec1e6]  JavaCalls::call_helper(JavaValue*, methodHandle*, JavaCallArguments*, Thread*)+0x6ae
V  [libjvm.dylib+0x322fbe]  jni_invoke_static(JNIEnv_*, JavaValue*, _jobject*, JNICallType, _jmethodID*, JNI_ArgumentPusher*, Thread*)+0x1bf
V  [libjvm.dylib+0x31bd35]  jni_CallStaticVoidMethod+0x15d
C  [java+0x393e]  JavaMain+0x9b1
C  [libsystem_pthread.dylib+0x393b]  _pthread_body+0xb4
C  [libsystem_pthread.dylib+0x3887]  _pthread_body+0x0
C  [libsystem_pthread.dylib+0x308d]  thread_start+0xd
C  0x0000000000000000

Java frames: (J=compiled Java code, j=interpreted, Vv=VM code)
j  sun.misc.Unsafe.putInt(JI)V+0
j  com.furture.tson.UNSafeTest.testUnsafeTest()V+33
v  ~StubRoutines::call_stub
j  sun.reflect.NativeMethodAccessorImpl.invoke0(Ljava/lang/reflect/Method;Ljava/lang/Object;[Ljava/lang/Object;)Ljava/lang/Object;+0
j  sun.reflect.NativeMethodAccessorImpl.invoke(Ljava/lang/Object;[Ljava/lang/Object;)Ljava/lang/Object;+100
j  sun.reflect.DelegatingMethodAccessorImpl.invoke(Ljava/lang/Object;[Ljava/lang/Object;)Ljava/lang/Object;+6
j  java.lang.reflect.Method.invoke(Ljava/lang/Object;[Ljava/lang/Object;)Ljava/lang/Object;+56
j  junit.framework.TestCase.runTest()V+107
j  junit.framework.TestCase.runBare()V+7
j  junit.framework.TestResult$1.protect()V+4
j  junit.framework.TestResult.runProtected(Ljunit/framework/Test;Ljunit/framework/Protectable;)V+1
j  junit.framework.TestResult.run(Ljunit/framework/TestCase;)V+18
j  junit.framework.TestCase.run(Ljunit/framework/TestResult;)V+2
j  junit.framework.TestSuite.runTest(Ljunit/framework/Test;Ljunit/framework/TestResult;)V+2
j  junit.framework.TestSuite.run(Ljunit/framework/TestResult;)V+40
j  org.junit.internal.runners.JUnit38ClassRunner.run(Lorg/junit/runner/notification/RunNotifier;)V+22
j  org.junit.runner.JUnitCore.run(Lorg/junit/runner/Runner;)Lorg/junit/runner/Result;+37
j  com.intellij.junit4.JUnit4IdeaTestRunner.startRunnerWithArgs([Ljava/lang/String;Ljava/util/ArrayList;Ljava/lang/String;Z)Lorg/junit/runner/Result;+158
j  com.intellij.junit4.JUnit4IdeaTestRunner.startRunnerWithArgs([Ljava/lang/String;Ljava/util/ArrayList;Ljava/lang/String;IZ)I+12
j  com.intellij.rt.execution.junit.JUnitStarter.prepareStreamsAndStart([Ljava/lang/String;ZLjava/util/ArrayList;Ljava/lang/String;)I+288
j  com.intellij.rt.execution.junit.JUnitStarter.main([Ljava/lang/String;)V+106
v  ~StubRoutines::call_stub
j  sun.reflect.NativeMethodAccessorImpl.invoke0(Ljava/lang/reflect/Method;Ljava/lang/Object;[Ljava/lang/Object;)Ljava/lang/Object;+0
j  sun.reflect.NativeMethodAccessorImpl.invoke(Ljava/lang/Object;[Ljava/lang/Object;)Ljava/lang/Object;+100
j  sun.reflect.DelegatingMethodAccessorImpl.invoke(Ljava/lang/Object;[Ljava/lang/Object;)Ljava/lang/Object;+6
j  java.lang.reflect.Method.invoke(Ljava/lang/Object;[Ljava/lang/Object;)Ljava/lang/Object;+56
j  com.intellij.rt.execution.application.AppMain.main([Ljava/lang/String;)V+180
v  ~StubRoutines::call_stub

---------------  P R O C E S S  ---------------

Java Threads: ( => current thread )
  0x00007fbebd807000 JavaThread "Monitor Ctrl-Break" daemon [_thread_in_native, id=22275, stack(0x000070000ec37000,0x000070000ed37000)]
  0x00007fbebb847800 JavaThread "Service Thread" daemon [_thread_blocked, id=21251, stack(0x000070000ea31000,0x000070000eb31000)]
  0x00007fbebc02f000 JavaThread "C1 CompilerThread3" daemon [_thread_blocked, id=20739, stack(0x000070000e92e000,0x000070000ea2e000)]
  0x00007fbebc02e000 JavaThread "C2 CompilerThread2" daemon [_thread_blocked, id=20227, stack(0x000070000e82b000,0x000070000e92b000)]
  0x00007fbebc006000 JavaThread "C2 CompilerThread1" daemon [_thread_blocked, id=19715, stack(0x000070000e728000,0x000070000e828000)]
  0x00007fbebb804000 JavaThread "C2 CompilerThread0" daemon [_thread_blocked, id=19203, stack(0x000070000e625000,0x000070000e725000)]
  0x00007fbeba832000 JavaThread "Signal Dispatcher" daemon [_thread_blocked, id=18691, stack(0x000070000e522000,0x000070000e622000)]
  0x00007fbeba81a000 JavaThread "Finalizer" daemon [_thread_blocked, id=14595, stack(0x000070000e41f000,0x000070000e51f000)]
  0x00007fbebc825000 JavaThread "Reference Handler" daemon [_thread_blocked, id=14083, stack(0x000070000e31c000,0x000070000e41c000)]
=>0x00007fbeba804800 JavaThread "main" [_thread_in_vm, id=6915, stack(0x000070000d8fe000,0x000070000d9fe000)]

Other Threads:
  0x00007fbeba819800 VMThread [stack: 0x000070000e219000,0x000070000e319000] [id=13571]
  0x00007fbebd806000 WatcherThread [stack: 0x000070000eb34000,0x000070000ec34000] [id=21763]

VM state:not at safepoint (normal execution)

VM Mutex/Monitor currently owned by a thread: None

Heap:
 PSYoungGen      total 76288K, used 7864K [0x000000076ab00000, 0x0000000770000000, 0x00000007c0000000)
  eden space 65536K, 12% used [0x000000076ab00000,0x000000076b2ae180,0x000000076eb00000)
  from space 10752K, 0% used [0x000000076f580000,0x000000076f580000,0x0000000770000000)
  to   space 10752K, 0% used [0x000000076eb00000,0x000000076eb00000,0x000000076f580000)
 ParOldGen       total 175104K, used 0K [0x00000006c0000000, 0x00000006cab00000, 0x000000076ab00000)
  object space 175104K, 0% used [0x00000006c0000000,0x00000006c0000000,0x00000006cab00000)
 Metaspace       used 4402K, capacity 5066K, committed 5248K, reserved 1056768K
  class space    used 515K, capacity 562K, committed 640K, reserved 1048576K

Card table byte_map: [0x000000010d614000,0x000000010de15000] byte_map_base: 0x000000010a014000

Marking Bits: (ParMarkBitMap*) 0x000000010bb50eb0
 Begin Bits: [0x000000011edd1000, 0x0000000122dd1000)
 End Bits:   [0x0000000122dd1000, 0x0000000126dd1000)

Polling page: 0x000000010c1fe000

CodeCache: size=245760Kb used=1578Kb max_used=1578Kb free=244181Kb
 bounds [0x000000010fdd1000, 0x0000000110041000, 0x000000011edd1000]
 total_blobs=473 nmethods=217 adapters=170
 compilation: enabled

Compilation events (10 events):
Event: 0.229 Thread 0x00007fbebc02f000  213       3       java.util.AbstractCollection::<init> (5 bytes)
Event: 0.229 Thread 0x00007fbebc02f000 nmethod 213 0x000000010ff57f10 code [0x000000010ff58080, 0x000000010ff58230]
Event: 0.230 Thread 0x00007fbebc02f000  214       3       java.util.ArrayList$Itr::hasNext (20 bytes)
Event: 0.230 Thread 0x00007fbebc02f000 nmethod 214 0x000000010ff582d0 code [0x000000010ff58440, 0x000000010ff58610]
Event: 0.231 Thread 0x00007fbebc02f000  215       3       java.io.UnixFileSystem::resolve (103 bytes)
Event: 0.232 Thread 0x00007fbebc02f000 nmethod 215 0x000000010ff586d0 code [0x000000010ff58a00, 0x000000010ff5a4f8]
Event: 0.232 Thread 0x00007fbebc02f000  216       1       java.nio.Buffer::limit (5 bytes)
Event: 0.233 Thread 0x00007fbebc02f000 nmethod 216 0x000000010ff5b090 code [0x000000010ff5b1e0, 0x000000010ff5b2f0]
Event: 0.233 Thread 0x00007fbebc02f000  217       3       java.io.File::<init> (113 bytes)
Event: 0.234 Thread 0x00007fbebc02f000 nmethod 217 0x000000010ff5b350 code [0x000000010ff5b580, 0x000000010ff5c038]

GC Heap History (0 events):
No events

Deoptimization events (0 events):
No events

Internal exceptions (7 events):
Event: 0.032 Thread 0x00007fbeba804800 Exception <a 'java/lang/NoSuchMethodError': Method sun.misc.Unsafe.defineClass(Ljava/lang/String;[BII)Ljava/lang/Class; name or signature does not match> (0x000000076ab07cc0) thrown at [/Users/java_re/workspace/8-2-build-macosx-x86_64/jdk8u91/6644/hotspot
Event: 0.032 Thread 0x00007fbeba804800 Exception <a 'java/lang/NoSuchMethodError': Method sun.misc.Unsafe.prefetchRead(Ljava/lang/Object;J)V name or signature does not match> (0x000000076ab07fa8) thrown at [/Users/java_re/workspace/8-2-build-macosx-x86_64/jdk8u91/6644/hotspot/src/share/vm/prim
Event: 0.163 Thread 0x00007fbeba804800 Exception <a 'java/io/FileNotFoundException'> (0x000000076af33d40) thrown at [/Users/java_re/workspace/8-2-build-macosx-x86_64/jdk8u91/6644/hotspot/src/share/vm/prims/jni.cpp, line 709]
Event: 0.170 Thread 0x00007fbeba804800 Exception <a 'java/security/PrivilegedActionException'> (0x000000076af7f460) thrown at [/Users/java_re/workspace/8-2-build-macosx-x86_64/jdk8u91/6644/hotspot/src/share/vm/prims/jvm.cpp, line 1386]
Event: 0.170 Thread 0x00007fbeba804800 Exception <a 'java/security/PrivilegedActionException'> (0x000000076af7f670) thrown at [/Users/java_re/workspace/8-2-build-macosx-x86_64/jdk8u91/6644/hotspot/src/share/vm/prims/jvm.cpp, line 1386]
Event: 0.171 Thread 0x00007fbeba804800 Exception <a 'java/security/PrivilegedActionException'> (0x000000076af82af8) thrown at [/Users/java_re/workspace/8-2-build-macosx-x86_64/jdk8u91/6644/hotspot/src/share/vm/prims/jvm.cpp, line 1386]
Event: 0.171 Thread 0x00007fbeba804800 Exception <a 'java/security/PrivilegedActionException'> (0x000000076af82d08) thrown at [/Users/java_re/workspace/8-2-build-macosx-x86_64/jdk8u91/6644/hotspot/src/share/vm/prims/jvm.cpp, line 1386]

Events (10 events):
Event: 0.232 loading class java/util/Collections$SingletonList
Event: 0.232 loading class java/util/Collections$SingletonList done
Event: 0.232 loading class junit/framework/TestResult$1
Event: 0.232 loading class junit/framework/TestResult$1 done
Event: 0.234 loading class com/furture/tson/UNSafeTest$1
Event: 0.234 loading class com/furture/tson/UNSafeTest$1 done
Event: 0.234 loading class sun/reflect/UnsafeQualifiedStaticObjectFieldAccessorImpl
Event: 0.234 loading class sun/reflect/UnsafeQualifiedStaticFieldAccessorImpl
Event: 0.234 loading class sun/reflect/UnsafeQualifiedStaticFieldAccessorImpl done
Event: 0.235 loading class sun/reflect/UnsafeQualifiedStaticObjectFieldAccessorImpl done


Dynamic libraries:
0x000000002bba5000 	/System/Library/Frameworks/Cocoa.framework/Versions/A/Cocoa
0x000000002bba5000 	/System/Library/Frameworks/Security.framework/Versions/A/Security
0x000000002bba5000 	/System/Library/Frameworks/ApplicationServices.framework/Versions/A/ApplicationServices
0x000000002bba5000 	/usr/lib/libz.1.dylib
0x000000002bba5000 	/usr/lib/libSystem.B.dylib
0x000000002bba5000 	/usr/lib/libobjc.A.dylib
0x000000002bba5000 	/System/Library/Frameworks/CoreFoundation.framework/Versions/A/CoreFoundation
0x000000002bba5000 	/System/Library/Frameworks/Foundation.framework/Versions/C/Foundation
0x000000002bba5000 	/System/Library/Frameworks/AppKit.framework/Versions/C/AppKit
0x000000002bba5000 	/System/Library/Frameworks/CoreData.framework/Versions/A/CoreData
0x000000002bba5000 	/System/Library/PrivateFrameworks/RemoteViewServices.framework/Versions/A/RemoteViewServices
0x000000002bba5000 	/System/Library/PrivateFrameworks/UIFoundation.framework/Versions/A/UIFoundation
0x000000002bba5000 	/System/Library/PrivateFrameworks/DFRFoundation.framework/Versions/A/DFRFoundation
0x000000002bba5000 	/usr/lib/libenergytrace.dylib
0x000000002bba5000 	/System/Library/PrivateFrameworks/SkyLight.framework/Versions/A/SkyLight
0x000000002bba5000 	/System/Library/Frameworks/CoreGraphics.framework/Versions/A/CoreGraphics
0x000000002bba5000 	/usr/lib/libScreenReader.dylib
0x000000002bba5000 	/System/Library/Frameworks/Accelerate.framework/Versions/A/Accelerate
0x000000002bba5000 	/System/Library/Frameworks/IOSurface.framework/Versions/A/IOSurface
0x000000002bba5000 	/System/Library/Frameworks/AudioToolbox.framework/Versions/A/AudioToolbox
0x000000002bba5000 	/System/Library/Frameworks/AudioUnit.framework/Versions/A/AudioUnit
0x000000002bba5000 	/System/Library/PrivateFrameworks/DataDetectorsCore.framework/Versions/A/DataDetectorsCore
0x000000002bba5000 	/System/Library/PrivateFrameworks/DesktopServicesPriv.framework/Versions/A/DesktopServicesPriv
0x000000002bba5000 	/System/Library/Frameworks/Carbon.framework/Versions/A/Frameworks/HIToolbox.framework/Versions/A/HIToolbox
0x000000002bba5000 	/usr/lib/libicucore.A.dylib
0x000000002bba5000 	/System/Library/Frameworks/QuartzCore.framework/Versions/A/QuartzCore
0x000000002bba5000 	/System/Library/Frameworks/Carbon.framework/Versions/A/Frameworks/SpeechRecognition.framework/Versions/A/SpeechRecognition
0x000000002bba5000 	/usr/lib/libauto.dylib
0x000000002bba5000 	/usr/lib/libxml2.2.dylib
0x000000002bba5000 	/System/Library/PrivateFrameworks/CoreUI.framework/Versions/A/CoreUI
0x000000002bba5000 	/System/Library/Frameworks/CoreAudio.framework/Versions/A/CoreAudio
0x000000002bba5000 	/System/Library/Frameworks/DiskArbitration.framework/Versions/A/DiskArbitration
0x000000002bba5000 	/usr/lib/liblangid.dylib
0x000000002bba5000 	/System/Library/PrivateFrameworks/MultitouchSupport.framework/Versions/A/MultitouchSupport
0x000000002bba5000 	/System/Library/Frameworks/IOKit.framework/Versions/A/IOKit
0x000000002bba5000 	/usr/lib/libDiagnosticMessagesClient.dylib
0x000000002bba5000 	/System/Library/Frameworks/CoreServices.framework/Versions/A/CoreServices
0x000000002bba5000 	/System/Library/PrivateFrameworks/PerformanceAnalysis.framework/Versions/A/PerformanceAnalysis
0x000000002bba5000 	/System/Library/PrivateFrameworks/GenerationalStorage.framework/Versions/A/GenerationalStorage
0x000000002bba5000 	/System/Library/Frameworks/OpenGL.framework/Versions/A/OpenGL
0x000000002bba5000 	/System/Library/Frameworks/CoreImage.framework/Versions/A/CoreImage
0x000000002bba5000 	/System/Library/Frameworks/CoreText.framework/Versions/A/CoreText
0x000000002bba5000 	/System/Library/Frameworks/ImageIO.framework/Versions/A/ImageIO
0x000000002bba5000 	/System/Library/PrivateFrameworks/Backup.framework/Versions/A/Backup
0x000000002bba5000 	/usr/lib/libarchive.2.dylib
0x000000002bba5000 	/System/Library/Frameworks/CFNetwork.framework/Versions/A/CFNetwork
0x000000002bba5000 	/System/Library/Frameworks/SystemConfiguration.framework/Versions/A/SystemConfiguration
0x000000002bba5000 	/usr/lib/libCRFSuite.dylib
0x000000002bba5000 	/usr/lib/libc++.1.dylib
0x000000002bba5000 	/usr/lib/libc++abi.dylib
0x000000002bba5000 	/usr/lib/system/libcache.dylib
0x000000002bba5000 	/usr/lib/system/libcommonCrypto.dylib
0x000000002bba5000 	/usr/lib/system/libcompiler_rt.dylib
0x000000002bba5000 	/usr/lib/system/libcopyfile.dylib
0x000000002bba5000 	/usr/lib/system/libcorecrypto.dylib
0x000000002bba5000 	/usr/lib/system/libdispatch.dylib
0x000000002bba5000 	/usr/lib/system/libdyld.dylib
0x000000002bba5000 	/usr/lib/system/libkeymgr.dylib
0x000000002bba5000 	/usr/lib/system/liblaunch.dylib
0x000000002bba5000 	/usr/lib/system/libmacho.dylib
0x000000002bba5000 	/usr/lib/system/libquarantine.dylib
0x000000002bba5000 	/usr/lib/system/libremovefile.dylib
0x000000002bba5000 	/usr/lib/system/libsystem_asl.dylib
0x000000002bba5000 	/usr/lib/system/libsystem_blocks.dylib
0x000000002bba5000 	/usr/lib/system/libsystem_c.dylib
0x000000002bba5000 	/usr/lib/system/libsystem_configuration.dylib
0x000000002bba5000 	/usr/lib/system/libsystem_coreservices.dylib
0x000000002bba5000 	/usr/lib/system/libsystem_coretls.dylib
0x000000002bba5000 	/usr/lib/system/libsystem_dnssd.dylib
0x000000002bba5000 	/usr/lib/system/libsystem_info.dylib
0x000000002bba5000 	/usr/lib/system/libsystem_kernel.dylib
0x000000002bba5000 	/usr/lib/system/libsystem_m.dylib
0x000000002bba5000 	/usr/lib/system/libsystem_malloc.dylib
0x000000002bba5000 	/usr/lib/system/libsystem_network.dylib
0x000000002bba5000 	/usr/lib/system/libsystem_networkextension.dylib
0x000000002bba5000 	/usr/lib/system/libsystem_notify.dylib
0x000000002bba5000 	/usr/lib/system/libsystem_platform.dylib
0x000000002bba5000 	/usr/lib/system/libsystem_pthread.dylib
0x000000002bba5000 	/usr/lib/system/libsystem_sandbox.dylib
0x000000002bba5000 	/usr/lib/system/libsystem_secinit.dylib
0x000000002bba5000 	/usr/lib/system/libsystem_symptoms.dylib
0x000000002bba5000 	/usr/lib/system/libsystem_trace.dylib
0x000000002bba5000 	/usr/lib/system/libunwind.dylib
0x000000002bba5000 	/usr/lib/system/libxpc.dylib
0x000000002bba5000 	/usr/lib/libbsm.0.dylib
0x000000002bba5000 	/usr/lib/system/libkxld.dylib
0x000000002bba5000 	/usr/lib/libcoretls.dylib
0x000000002bba5000 	/usr/lib/libcoretls_cfhelpers.dylib
0x000000002bba5000 	/usr/lib/libOpenScriptingUtil.dylib
0x000000002bba5000 	/usr/lib/libpam.2.dylib
0x000000002bba5000 	/usr/lib/libsqlite3.dylib
0x000000002bba5000 	/usr/lib/libxar.1.dylib
0x000000002bba5000 	/usr/lib/libbz2.1.0.dylib
0x000000002bba5000 	/usr/lib/liblzma.5.dylib
0x000000002bba5000 	/usr/lib/libnetwork.dylib
0x000000002bba5000 	/usr/lib/libpcap.A.dylib
0x000000002bba5000 	/System/Library/Frameworks/CoreServices.framework/Versions/A/Frameworks/FSEvents.framework/Versions/A/FSEvents
0x000000002bba5000 	/System/Library/Frameworks/CoreServices.framework/Versions/A/Frameworks/CarbonCore.framework/Versions/A/CarbonCore
0x000000002bba5000 	/System/Library/Frameworks/CoreServices.framework/Versions/A/Frameworks/Metadata.framework/Versions/A/Metadata
0x000000002bba5000 	/System/Library/Frameworks/CoreServices.framework/Versions/A/Frameworks/OSServices.framework/Versions/A/OSServices
0x000000002bba5000 	/System/Library/Frameworks/CoreServices.framework/Versions/A/Frameworks/SearchKit.framework/Versions/A/SearchKit
0x000000002bba5000 	/System/Library/Frameworks/CoreServices.framework/Versions/A/Frameworks/AE.framework/Versions/A/AE
0x000000002bba5000 	/System/Library/Frameworks/CoreServices.framework/Versions/A/Frameworks/LaunchServices.framework/Versions/A/LaunchServices
0x000000002bba5000 	/System/Library/Frameworks/CoreServices.framework/Versions/A/Frameworks/DictionaryServices.framework/Versions/A/DictionaryServices
0x000000002bba5000 	/System/Library/Frameworks/CoreServices.framework/Versions/A/Frameworks/SharedFileList.framework/Versions/A/SharedFileList
0x000000002bba5000 	/System/Library/Frameworks/NetFS.framework/Versions/A/NetFS
0x000000002bba5000 	/System/Library/PrivateFrameworks/NetAuth.framework/Versions/A/NetAuth
0x000000002bba5000 	/System/Library/PrivateFrameworks/login.framework/Versions/A/Frameworks/loginsupport.framework/Versions/A/loginsupport
0x000000002bba5000 	/System/Library/PrivateFrameworks/TCC.framework/Versions/A/TCC
0x000000002bba5000 	/usr/lib/libmecabra.dylib
0x000000002bba5000 	/System/Library/Frameworks/ApplicationServices.framework/Versions/A/Frameworks/ATS.framework/Versions/A/ATS
0x000000002bba5000 	/System/Library/Frameworks/ApplicationServices.framework/Versions/A/Frameworks/ColorSync.framework/Versions/A/ColorSync
0x000000002bba5000 	/System/Library/Frameworks/ApplicationServices.framework/Versions/A/Frameworks/HIServices.framework/Versions/A/HIServices
0x000000002bba5000 	/System/Library/Frameworks/ApplicationServices.framework/Versions/A/Frameworks/LangAnalysis.framework/Versions/A/LangAnalysis
0x000000002bba5000 	/System/Library/Frameworks/ApplicationServices.framework/Versions/A/Frameworks/PrintCore.framework/Versions/A/PrintCore
0x000000002bba5000 	/System/Library/Frameworks/ApplicationServices.framework/Versions/A/Frameworks/QD.framework/Versions/A/QD
0x000000002bba5000 	/System/Library/Frameworks/ApplicationServices.framework/Versions/A/Frameworks/SpeechSynthesis.framework/Versions/A/SpeechSynthesis
0x000000002bba5000 	/System/Library/Frameworks/Accelerate.framework/Versions/A/Frameworks/vImage.framework/Versions/A/vImage
0x000000002bba5000 	/System/Library/Frameworks/Accelerate.framework/Versions/A/Frameworks/vecLib.framework/Versions/A/vecLib
0x000000002bba5000 	/System/Library/Frameworks/Accelerate.framework/Versions/A/Frameworks/vecLib.framework/Versions/A/libvDSP.dylib
0x000000002bba5000 	/System/Library/Frameworks/Accelerate.framework/Versions/A/Frameworks/vecLib.framework/Versions/A/libBNNS.dylib
0x000000002bba5000 	/System/Library/Frameworks/Accelerate.framework/Versions/A/Frameworks/vecLib.framework/Versions/A/libQuadrature.dylib
0x000000002bba5000 	/System/Library/Frameworks/Accelerate.framework/Versions/A/Frameworks/vecLib.framework/Versions/A/libvMisc.dylib
0x000000002bba5000 	/System/Library/Frameworks/Accelerate.framework/Versions/A/Frameworks/vecLib.framework/Versions/A/libLAPACK.dylib
0x000000002bba5000 	/System/Library/Frameworks/Accelerate.framework/Versions/A/Frameworks/vecLib.framework/Versions/A/libBLAS.dylib
0x000000002bba5000 	/System/Library/Frameworks/Accelerate.framework/Versions/A/Frameworks/vecLib.framework/Versions/A/libLinearAlgebra.dylib
0x000000002bba5000 	/System/Library/Frameworks/Accelerate.framework/Versions/A/Frameworks/vecLib.framework/Versions/A/libSparseBLAS.dylib
0x000000002bba5000 	/System/Library/Frameworks/ApplicationServices.framework/Versions/A/Frameworks/ATS.framework/Versions/A/Resources/libFontParser.dylib
0x000000002bba5000 	/System/Library/Frameworks/ApplicationServices.framework/Versions/A/Frameworks/ATS.framework/Versions/A/Resources/libFontRegistry.dylib
0x000000002bba5000 	/System/Library/Frameworks/ImageIO.framework/Versions/A/Resources/libJPEG.dylib
0x000000002bba5000 	/System/Library/Frameworks/ImageIO.framework/Versions/A/Resources/libTIFF.dylib
0x000000002bba5000 	/System/Library/Frameworks/ImageIO.framework/Versions/A/Resources/libPng.dylib
0x000000002bba5000 	/System/Library/Frameworks/ImageIO.framework/Versions/A/Resources/libGIF.dylib
0x000000002bba5000 	/System/Library/Frameworks/ImageIO.framework/Versions/A/Resources/libJP2.dylib
0x000000002bba5000 	/System/Library/Frameworks/ImageIO.framework/Versions/A/Resources/libRadiance.dylib
0x000000002bba5000 	/usr/lib/libcompression.dylib
0x000000002bba5000 	/System/Library/PrivateFrameworks/AppleJPEG.framework/Versions/A/AppleJPEG
0x000000002bba5000 	/usr/lib/libcups.2.dylib
0x000000002bba5000 	/System/Library/Frameworks/Kerberos.framework/Versions/A/Kerberos
0x000000002bba5000 	/System/Library/Frameworks/GSS.framework/Versions/A/GSS
0x000000002bba5000 	/usr/lib/libresolv.9.dylib
0x000000002bba5000 	/usr/lib/libiconv.2.dylib
0x000000002bba5000 	/System/Library/PrivateFrameworks/Heimdal.framework/Versions/A/Heimdal
0x000000002bba5000 	/usr/lib/libheimdal-asn1.dylib
0x000000002bba5000 	/System/Library/Frameworks/OpenDirectory.framework/Versions/A/OpenDirectory
0x000000002bba5000 	/System/Library/PrivateFrameworks/CommonAuth.framework/Versions/A/CommonAuth
0x000000002bba5000 	/System/Library/Frameworks/OpenDirectory.framework/Versions/A/Frameworks/CFOpenDirectory.framework/Versions/A/CFOpenDirectory
0x000000002bba5000 	/System/Library/Frameworks/SecurityFoundation.framework/Versions/A/SecurityFoundation
0x000000002bba5000 	/System/Library/PrivateFrameworks/LanguageModeling.framework/Versions/A/LanguageModeling
0x000000002bba5000 	/usr/lib/libmarisa.dylib
0x000000002bba5000 	/usr/lib/libChineseTokenizer.dylib
0x000000002bba5000 	/usr/lib/libcmph.dylib
0x000000002bba5000 	/System/Library/PrivateFrameworks/CoreEmoji.framework/Versions/A/CoreEmoji
0x000000002bba5000 	/System/Library/Frameworks/ServiceManagement.framework/Versions/A/ServiceManagement
0x000000002bba5000 	/usr/lib/libxslt.1.dylib
0x000000002bba5000 	/System/Library/Frameworks/Carbon.framework/Versions/A/Frameworks/Ink.framework/Versions/A/Ink
0x000000002bba5000 	/System/Library/PrivateFrameworks/TextureIO.framework/Versions/A/TextureIO
0x000000002bba5000 	/System/Library/Frameworks/Metal.framework/Versions/A/Metal
0x000000002bba5000 	/usr/lib/libate.dylib
0x000000002bba5000 	/System/Library/PrivateFrameworks/GPUCompiler.framework/libmetal_timestamp.dylib
0x000000002bba5000 	/System/Library/Frameworks/OpenGL.framework/Versions/A/Libraries/libCoreFSCache.dylib
0x000000002bba5000 	/System/Library/PrivateFrameworks/IOAccelerator.framework/Versions/A/IOAccelerator
0x000000002bba5000 	/System/Library/Frameworks/CoreVideo.framework/Versions/A/CoreVideo
0x000000002bba5000 	/usr/lib/libFosl_dynamic.dylib
0x000000002bba5000 	/System/Library/PrivateFrameworks/MetalPerformanceShaders.framework/Versions/A/MetalPerformanceShaders
0x000000002bba5000 	/System/Library/PrivateFrameworks/FaceCore.framework/Versions/A/FaceCore
0x000000002bba5000 	/System/Library/Frameworks/OpenCL.framework/Versions/A/OpenCL
0x000000002bba5000 	/System/Library/Frameworks/OpenGL.framework/Versions/A/Libraries/libGLU.dylib
0x000000002bba5000 	/System/Library/Frameworks/OpenGL.framework/Versions/A/Libraries/libGFXShared.dylib
0x000000002bba5000 	/System/Library/Frameworks/OpenGL.framework/Versions/A/Libraries/libGL.dylib
0x000000002bba5000 	/System/Library/Frameworks/OpenGL.framework/Versions/A/Libraries/libGLImage.dylib
0x000000002bba5000 	/System/Library/Frameworks/OpenGL.framework/Versions/A/Libraries/libCVMSPluginSupport.dylib
0x000000002bba5000 	/System/Library/Frameworks/OpenGL.framework/Versions/A/Libraries/libCoreVMClient.dylib
0x000000002bba5000 	/System/Library/PrivateFrameworks/CrashReporterSupport.framework/Versions/A/CrashReporterSupport
0x000000002bba5000 	/System/Library/PrivateFrameworks/Sharing.framework/Versions/A/Sharing
0x000000002bba5000 	/System/Library/PrivateFrameworks/IconServices.framework/Versions/A/IconServices
0x000000002bba5000 	/System/Library/PrivateFrameworks/ProtocolBuffer.framework/Versions/A/ProtocolBuffer
0x000000002bba5000 	/System/Library/PrivateFrameworks/Apple80211.framework/Versions/A/Apple80211
0x000000002bba5000 	/System/Library/Frameworks/CoreWLAN.framework/Versions/A/CoreWLAN
0x000000002bba5000 	/System/Library/PrivateFrameworks/CoreUtils.framework/Versions/A/CoreUtils
0x000000002bba5000 	/System/Library/Frameworks/IOBluetooth.framework/Versions/A/IOBluetooth
0x000000002bba5000 	/System/Library/PrivateFrameworks/CoreWiFi.framework/Versions/A/CoreWiFi
0x000000002bba5000 	/System/Library/Frameworks/CoreBluetooth.framework/Versions/A/CoreBluetooth
0x000000002bba5000 	/System/Library/Frameworks/CoreDisplay.framework/Versions/A/CoreDisplay
0x000000002bba5000 	/System/Library/PrivateFrameworks/IOPresentment.framework/Versions/A/IOPresentment
0x000000002bba5000 	/System/Library/PrivateFrameworks/DSExternalDisplay.framework/Versions/A/DSExternalDisplay
0x000000002bba5000 	/System/Library/PrivateFrameworks/DebugSymbols.framework/Versions/A/DebugSymbols
0x000000002bba5000 	/System/Library/PrivateFrameworks/CoreSymbolication.framework/Versions/A/CoreSymbolication
0x000000002bba5000 	/System/Library/PrivateFrameworks/Symbolication.framework/Versions/A/Symbolication
0x000000002bba5000 	/System/Library/PrivateFrameworks/AppleFSCompression.framework/Versions/A/AppleFSCompression
0x000000002bba5000 	/System/Library/PrivateFrameworks/SpeechRecognitionCore.framework/Versions/A/SpeechRecognitionCore
0x000000002bba5000 	/System/Library/PrivateFrameworks/ChunkingLibrary.framework/Versions/A/ChunkingLibrary
0x000000010b226000 	/System/Library/CoreServices/Encodings/libSimplifiedChineseConverter.dylib
0x000000010b26a000 	/Library/Java/JavaVirtualMachines/jdk1.8.0_91.jdk/Contents/Home/jre/lib/server/libjvm.dylib
0x000000002bba5000 	/usr/lib/libstdc++.6.dylib
0x000000010d200000 	/Library/Java/JavaVirtualMachines/jdk1.8.0_91.jdk/Contents/Home/jre/lib/libverify.dylib
0x000000010d20e000 	/Library/Java/JavaVirtualMachines/jdk1.8.0_91.jdk/Contents/Home/jre/lib/libjava.dylib
0x000000010d24b000 	/Library/Java/JavaVirtualMachines/jdk1.8.0_91.jdk/Contents/Home/jre/lib/libzip.dylib
0x000000010fd2a000 	/System/Library/Frameworks/JavaVM.framework/Frameworks/JavaRuntimeSupport.framework/JavaRuntimeSupport
0x00000001283b1000 	/System/Library/Frameworks/JavaVM.framework/Versions/A/Frameworks/JavaNativeFoundation.framework/Versions/A/JavaNativeFoundation
0x00000001283c6000 	/System/Library/Frameworks/JavaVM.framework/Versions/A/JavaVM
0x000000002bba5000 	/System/Library/Frameworks/Carbon.framework/Versions/A/Carbon
0x00000001283d3000 	/System/Library/PrivateFrameworks/JavaLaunching.framework/Versions/A/JavaLaunching
0x000000002bba5000 	/System/Library/Frameworks/Carbon.framework/Versions/A/Frameworks/CommonPanels.framework/Versions/A/CommonPanels
0x000000002bba5000 	/System/Library/Frameworks/Carbon.framework/Versions/A/Frameworks/Help.framework/Versions/A/Help
0x000000002bba5000 	/System/Library/Frameworks/Carbon.framework/Versions/A/Frameworks/ImageCapture.framework/Versions/A/ImageCapture
0x000000002bba5000 	/System/Library/Frameworks/Carbon.framework/Versions/A/Frameworks/OpenScripting.framework/Versions/A/OpenScripting
0x000000002bba5000 	/System/Library/Frameworks/Carbon.framework/Versions/A/Frameworks/Print.framework/Versions/A/Print
0x000000002bba5000 	/System/Library/Frameworks/Carbon.framework/Versions/A/Frameworks/SecurityHI.framework/Versions/A/SecurityHI
0x0000000129ce2000 	/Applications/IntelliJ IDEA CE.app/Contents/bin/libbreakgen64.jnilib
0x0000000129ce7000 	/Library/Java/JavaVirtualMachines/jdk1.8.0_91.jdk/Contents/Home/jre/lib/libnet.dylib

VM Arguments:
jvm_args: -ea -Didea.launcher.port=7537 -Didea.launcher.bin.path=/Applications/IntelliJ IDEA CE.app/Contents/bin -Didea.junit.sm_runner -Dfile.encoding=UTF-8 
java_command: com.intellij.rt.execution.application.AppMain com.intellij.rt.execution.junit.JUnitStarter -ideVersion5 -junit3 com.furture.tson.UNSafeTest,testUnsafeTest
java_class_path (initial): /Applications/IntelliJ IDEA CE.app/Contents/lib/idea_rt.jar:/Applications/IntelliJ IDEA CE.app/Contents/plugins/junit/lib/junit-rt.jar:/Library/Java/JavaVirtualMachines/jdk1.8.0_91.jdk/Contents/Home/jre/lib/charsets.jar:/Library/Java/JavaVirtualMachines/jdk1.8.0_91.jdk/Contents/Home/jre/lib/deploy.jar:/Library/Java/JavaVirtualMachines/jdk1.8.0_91.jdk/Contents/Home/jre/lib/ext/cldrdata.jar:/Library/Java/JavaVirtualMachines/jdk1.8.0_91.jdk/Contents/Home/jre/lib/ext/dnsns.jar:/Library/Java/JavaVirtualMachines/jdk1.8.0_91.jdk/Contents/Home/jre/lib/ext/jaccess.jar:/Library/Java/JavaVirtualMachines/jdk1.8.0_91.jdk/Contents/Home/jre/lib/ext/jfxrt.jar:/Library/Java/JavaVirtualMachines/jdk1.8.0_91.jdk/Contents/Home/jre/lib/ext/localedata.jar:/Library/Java/JavaVirtualMachines/jdk1.8.0_91.jdk/Contents/Home/jre/lib/ext/nashorn.jar:/Library/Java/JavaVirtualMachines/jdk1.8.0_91.jdk/Contents/Home/jre/lib/ext/sunec.jar:/Library/Java/JavaVirtualMachines/jdk1.8.0_91.jdk/Contents/Home/jre/lib/ext/sunjce_provider.jar:/Library/Java/JavaVirtualMachines/jdk1.8.0_91.jdk/Contents/Home/jre/lib/ext/sunpkcs11.jar:/Library/Java/JavaVirtualMachines/jdk1.8.0_91.jdk/Contents/Home/jre/lib/ext/zipfs.jar:/Library/Java/JavaVirtualMachines/jdk1.8.0_91.jdk/Contents/Home/jre/lib/javaws.jar:/Library/Java/JavaVirtualMachines/jdk1.8.0_91.jdk/Contents/Home/jre/lib/jce.jar:/Library/Java/JavaVirtualMachines/jdk1.8.0_91.jdk/Contents/Home/jre/lib/jfr.jar:/Library/Java/JavaVirtualMachines/jdk1.8.0_91.jdk/Contents/Home/jre/lib/jfxswt.jar:/Library/Java/JavaVirtualMachines/jdk1.8.0_91.jdk/Contents/Home/jre/lib/jsse.jar:/Library/Java/JavaVirtualMachines/jdk1.8.0_91.jdk/Contents/Home/jre/lib/management-agent.jar:/Library/Java/JavaVirtualMachines/jdk1.8.0_91.jdk/Contents/Home/jre/lib/plugin.jar:/Library/Java/JavaVirtualMachines/jdk1.8.0_91.jdk/Contents/Home/jre/lib/resources.jar:/Library/Java/JavaVirtualMachines/jdk1.8.0_91.jdk/Contents/Home/jre/lib/rt.jar:/Library/Java/JavaVirtualMachines/
Launcher Type: SUN_STANDARD

Environment Variables:
JAVA_HOME=/Library/Java/JavaVirtualMachines/jdk1.8.0_91.jdk/Contents/Home
PATH=/Users/furture/code/flutter/bin:/Users/furture/Library/Android/sdk/ndk-bundle/:/Users/furture/code/depot_tools/:/Applications/CMake.app/Contents/bin:/Users/furture/code/depot_tools:/usr/local/nginx/sbin/:/Users/furture/Library/Android/sdk/build-tools/25.0.2:/Users/furture/Library/Android/sdk/tools:/Users/furture/Library/Android/sdk/platform-tools:/Users/furture/tools/apache-maven-3.3.9/bin:/Users/furture/tools/sofamac:/usr/local/bin:/usr/bin:/bin:/usr/sbin:/sbin:/usr/local/sbin
SHELL=/bin/bash

Signal Handlers:
SIGSEGV: [libjvm.dylib+0x5a97a1], sa_mask[0]=11111111011111110111111111111111, sa_flags=SA_ONSTACK|SA_RESTART|SA_SIGINFO
SIGBUS: [libjvm.dylib+0x5a97a1], sa_mask[0]=11111111011111110111111111111111, sa_flags=SA_RESTART|SA_SIGINFO
SIGFPE: [libjvm.dylib+0x482594], sa_mask[0]=11111111011111110111111111111111, sa_flags=SA_RESTART|SA_SIGINFO
SIGPIPE: [libjvm.dylib+0x482594], sa_mask[0]=11111111011111110111111111111111, sa_flags=SA_RESTART|SA_SIGINFO
SIGXFSZ: [libjvm.dylib+0x482594], sa_mask[0]=11111111011111110111111111111111, sa_flags=SA_RESTART|SA_SIGINFO
SIGILL: [libjvm.dylib+0x482594], sa_mask[0]=11111111011111110111111111111111, sa_flags=SA_RESTART|SA_SIGINFO
SIGUSR1: SIG_DFL, sa_mask[0]=00000000000000000000000000000000, sa_flags=none
SIGUSR2: [libjvm.dylib+0x4820b2], sa_mask[0]=00100000000000000000000000000000, sa_flags=SA_RESTART|SA_SIGINFO
SIGHUP: [libjvm.dylib+0x480689], sa_mask[0]=11111111011111110111111111111111, sa_flags=SA_RESTART|SA_SIGINFO
SIGINT: [libjvm.dylib+0x480689], sa_mask[0]=11111111011111110111111111111111, sa_flags=SA_RESTART|SA_SIGINFO
SIGTERM: [libjvm.dylib+0x480689], sa_mask[0]=11111111011111110111111111111111, sa_flags=SA_RESTART|SA_SIGINFO
SIGQUIT: [libjvm.dylib+0x480689], sa_mask[0]=11111111011111110111111111111111, sa_flags=SA_RESTART|SA_SIGINFO


---------------  S Y S T E M  ---------------

OS:Bsduname:Darwin 16.7.0 Darwin Kernel Version 16.7.0: Thu Jun 15 17:36:27 PDT 2017; root:xnu-3789.70.16~2/RELEASE_X86_64 x86_64
rlimit: STACK 8192k, CORE 0k, NPROC 709, NOFILE 10240, AS infinity
load average:2.47 2.44 2.41

CPU:total 8 (4 cores per cpu, 2 threads per core) family 6 model 70 stepping 1, cmov, cx8, fxsr, mmx, sse, sse2, sse3, ssse3, sse4.1, sse4.2, popcnt, avx, avx2, aes, clmul, erms, lzcnt, ht, tsc, tscinvbit, bmi1, bmi2

Memory: 4k page, physical 16777216k(310012k free)

/proc/meminfo:


vm_info: Java HotSpot(TM) 64-Bit Server VM (25.91-b14) for bsd-amd64 JRE (1.8.0_91-b14), built on Apr  1 2016 01:03:00 by "java_re" with gcc 4.2.1 (Based on Apple Inc. build 5658) (LLVM build 2336.11.00)

time: Mon Sep 25 19:11:05 2017
elapsed time: 0 seconds (0d 0h 0m 0s)

